<?xml version="1.0" encoding="UTF-8"?>
<testng-results skipped="0" failed="0" ignored="0" total="1" passed="1">
  <reporter-output>
    <line>
      <![CDATA[<div "result">I navigate to google home page (PASSED : 2s)</div>]]>
    </line>
    <line>
      <![CDATA[<div "result">I enter a keyword to search (PASSED : 0s)</div>]]>
    </line>
    <line>
      <![CDATA[<div "result">I click on search button (PASSED : 1s)</div>]]>
    </line>
    <line>
      <![CDATA[<div "result">I should be able to see a title contains a keyword (PASSED : 0s)</div>]]>
    </line>
  </reporter-output>
  <suite name="Default suite" duration-ms="10401" started-at="2018-03-06T19:54:48Z" finished-at="2018-03-06T19:54:59Z">
    <groups>
      <group name="cucumber">
        <method signature="AbstractTestNGCucumberTests.runScenario(cucumber.api.testng.PickleEventWrapper, cucumber.api.testng.CucumberFeatureWrapper)[pri:0, instance:runnerPackage.testRunner@2f686d1f]" name="runScenario" class="cucumber.api.testng.AbstractTestNGCucumberTests"/>
      </group> <!-- cucumber -->
    </groups>
    <test name="Default test" duration-ms="10401" started-at="2018-03-06T19:54:48Z" finished-at="2018-03-06T19:54:59Z">
      <class name="runnerPackage.testRunner">
        <test-method status="PASS" signature="setUp()[pri:0, instance:runnerPackage.testRunner@2f686d1f]" name="setUp" is-config="true" duration-ms="4535" started-at="2018-03-06T19:54:48Z" finished-at="2018-03-06T19:54:53Z">
          <reporter-output>
          </reporter-output>
        </test-method> <!-- setUp -->
        <test-method status="PASS" signature="setUpClass()[pri:0, instance:runnerPackage.testRunner@2f686d1f]" name="setUpClass" is-config="true" duration-ms="360" started-at="2018-03-06T19:54:53Z" finished-at="2018-03-06T19:54:53Z">
          <reporter-output>
          </reporter-output>
        </test-method> <!-- setUpClass -->
        <test-method status="PASS" signature="runScenario(cucumber.api.testng.PickleEventWrapper, cucumber.api.testng.CucumberFeatureWrapper)[pri:0, instance:runnerPackage.testRunner@2f686d1f]" name="runScenario" duration-ms="5452" started-at="2018-03-06T19:54:53Z" description="Runs Cucumber Scenarios" data-provider="scenarios" finished-at="2018-03-06T19:54:59Z">
          <params>
            <param index="0">
              <value>
                <![CDATA["User searches a item on google and checks if a title matches a keyword"]]>
              </value>
            </param>
            <param index="1">
              <value>
                <![CDATA["This is just a test for cucumber"]]>
              </value>
            </param>
          </params>
          <reporter-output>
            <line>
              <![CDATA[<div "result">I navigate to google home page (PASSED : 2s)</div>]]>
            </line>
            <line>
              <![CDATA[<div "result">I enter a keyword to search (PASSED : 0s)</div>]]>
            </line>
            <line>
              <![CDATA[<div "result">I click on search button (PASSED : 1s)</div>]]>
            </line>
            <line>
              <![CDATA[<div "result">I should be able to see a title contains a keyword (PASSED : 0s)</div>]]>
            </line>
          </reporter-output>
        </test-method> <!-- runScenario -->
        <test-method status="PASS" signature="tearDownClass()[pri:0, instance:runnerPackage.testRunner@2f686d1f]" name="tearDownClass" is-config="true" duration-ms="3" started-at="2018-03-06T19:54:59Z" finished-at="2018-03-06T19:54:59Z">
          <reporter-output>
          </reporter-output>
        </test-method> <!-- tearDownClass -->
      </class> <!-- runnerPackage.testRunner -->
    </test> <!-- Default test -->
  </suite> <!-- Default suite -->
</testng-results>
